<?xml version="1.0" encoding="UTF-8"?>
<!-- Generated by org.testng.reporters.JUnitReportReporter -->
<testsuite hostname="DESKTOP-16SMMS2" failures="0" tests="9" name="seliniumTestNg.IgnoreCase" time="22.898" errors="0" timestamp="2022-10-26T23:37:26 IST" skipped="0">
  <testcase classname="seliniumTestNg.IgnoreCase" name="browserLaunching" time="8.773"/>
  <system-out/>
  <testcase classname="seliniumTestNg.IgnoreCase" name="yahoo" time="2.817"/>
  <system-out/>
  <testcase classname="seliniumTestNg.IgnoreCase" name="facebookLogin" time="0.146"/>
  <system-out/>
  <testcase classname="seliniumTestNg.IgnoreCase" name="facebookPassword" time="0.186"/>
  <system-out/>
  <testcase classname="seliniumTestNg.IgnoreCase" name="facebook" time="2.752"/>
  <system-out/>
  <testcase classname="seliniumTestNg.IgnoreCase" name="orangeHrm" time="4.786"/>
  <system-out/>
  <testcase classname="seliniumTestNg.IgnoreCase" name="orangeHrmLogin" time="1.152"/>
  <system-out/>
  <testcase classname="seliniumTestNg.IgnoreCase" name="orangeHrmPassword" time="1.152"/>
  <system-out/>
  <testcase classname="seliniumTestNg.IgnoreCase" name="orangeHrmSubmitutton" time="1.134"/>
  <system-out/>
</testsuite> <!-- seliniumTestNg.IgnoreCase -->
