<?xml version="1.0" encoding="UTF-8"?>
<!-- Generated by org.testng.reporters.JUnitReportReporter -->
<testsuite hostname="DESKTOP-16SMMS2" failures="0" tests="4" name="seliniumTestNg.OrangeHrm" time="18.321" errors="0" timestamp="2022-11-07T11:17:48 IST" skipped="0">
  <testcase classname="seliniumTestNg.OrangeHrm" name="orangeHrmLogin" time="2.155"/>
  <system-out/>
  <testcase classname="seliniumTestNg.OrangeHrm" name="orangeHrm" time="9.397"/>
  <system-out/>
  <testcase classname="seliniumTestNg.OrangeHrm" name="orangeHrmSubmitutton" time="4.578"/>
  <system-out/>
  <testcase classname="seliniumTestNg.OrangeHrm" name="orangeHrmPassword" time="2.191"/>
  <system-out/>
</testsuite> <!-- seliniumTestNg.OrangeHrm -->
