<?xml version="1.0" encoding="UTF-8"?>
<!-- Generated by org.testng.reporters.JUnitReportReporter -->
<testsuite hostname="DESKTOP-16SMMS2" failures="0" tests="2" name="seliniumWithJava.launchingUrl" time="1.054" errors="0" timestamp="2022-10-26T18:07:54 IST" skipped="0">
  <testcase classname="seliniumWithJava.launchingUrl" name="login" time="0.761"/>
  <system-out/>
  <testcase classname="seliniumWithJava.launchingUrl" name="password" time="0.293"/>
  <system-out/>
</testsuite> <!-- seliniumWithJava.launchingUrl -->
