<?xml version="1.0" encoding="UTF-8"?>
<!-- Generated by org.testng.reporters.JUnitReportReporter -->
<testsuite hostname="DESKTOP-16SMMS2" failures="0" tests="1" name="seliniumTestNg.W‌dows_handling" time="7.395" errors="0" timestamp="2022-10-30T18:45:27 IST" skipped="0">
  <testcase classname="seliniumTestNg.W‌dows_handling" name="cricBuzz" time="7.395"/>
  <system-out/>
</testsuite> <!-- seliniumTestNg.W‌dows_handling -->
