<?xml version="1.0" encoding="UTF-8"?>
<!-- Generated by org.testng.reporters.JUnitReportReporter -->
<testsuite hostname="DESKTOP-16SMMS2" failures="0" tests="7" name="seliniumTestNg.Groups" time="17.385" errors="0" timestamp="2022-10-27T02:05:53 IST" skipped="0">
  <testcase classname="seliniumTestNg.Groups" name="browserLaunching" time="9.701"/>
  <system-out/>
  <testcase classname="seliniumTestNg.Groups" name="facebookLogin" time="0.199"/>
  <system-out/>
  <testcase classname="seliniumTestNg.Groups" name="facebookPassword" time="0.227"/>
  <system-out/>
  <testcase classname="seliniumTestNg.Groups" name="facebook" time="1.362"/>
  <system-out/>
  <testcase classname="seliniumTestNg.Groups" name="myntraLogin" time="0.120"/>
  <system-out/>
  <testcase classname="seliniumTestNg.Groups" name="myntraUrl" time="5.565"/>
  <system-out/>
  <testcase classname="seliniumTestNg.Groups" name="myntraPassword" time="0.211"/>
  <system-out/>
</testsuite> <!-- seliniumTestNg.Groups -->
