<?xml version="1.0" encoding="UTF-8"?>
<!-- Generated by org.testng.reporters.JUnitReportReporter -->
<testsuite hostname="DESKTOP-16SMMS2" failures="0" tests="2" name="seliniumTestNg.DataProvider" time="14.755" errors="0" timestamp="2022-10-27T11:48:18 IST" skipped="1">
  <testcase classname="seliniumTestNg.DataProvider" name="orangeHrmLogin" time="0.000">
    <skipped/>
  </testcase> <!-- orangeHrmLogin -->
  <system-out/>
  <testcase classname="seliniumTestNg.DataProvider" name="orangeHrm" time="14.755"/>
  <system-out/>
</testsuite> <!-- seliniumTestNg.DataProvider -->
